ISim log file
Running: J:\Courses\ECEN_320\Lab 4\Lab4\tb_seven_segment_control_isim_beh.exe -intstyle ise -gui -tclbatch isim.cmd -wdb J:/Courses/ECEN_320/Lab 4/Lab4/tb_seven_segment_control_isim_beh.wdb 
ISim P.20131013 (signature 0x8ef4fb42)
----------------------------------------------------------------------
INFO:Security:50 - The XILINXD_LICENSE_FILE environment variable is set to '2100@xilinxlic1.ee.byu.edu'.
INFO:Security:52 - The LM_LICENSE_FILE environment variable is set to '1717@modelsimlic1.ee.byu.edu'.
WARNING:Security:43 - No license file was found in the standard Xilinx license directory.
WARNING:Security:44 - Since no license file was found,
       please run the Xilinx License Configuration Manager
       (xlcm or "Manage Xilinx Licenses")
       to assist in obtaining a license.
WARNING:Security:42 - Your license support version '2015.01' for ISIM expires in 2 days after which you will not qualify for Xilinx software updates or new releases.


----------------------------------------------------------------------
This is a Full version of ISim.
Time resolution is 1 ps
# onerror resume
# wave add /
# run 1000 ns
Simulator is doing circuit initialization process.
----- Start of Simulation -----
Finished circuit initialization process.
Test #1 - Measure time of anode assertion and make sure all anodes asserted
# run 1000 ns
# run 1000 ns
# run 1000 ns
# run 1000 ns
# run 1000 ns
# run 1000 ns
# run 1000 ns
# run 1000 ns
# run 1000 ns
# run 1000 ns
# run 1000 ns
# run 1000 ns
# run 1000 ns
# run 1000 ns
# run 1000 ns
# run 1000 ns
# run 1000 ns
# run 1000 ns
# run 1000 ns
# run 1000 ns
# run 1000 ns
# run 1000 ns
# run 1000 us
All anodes asserted Properly. End of test #1
Test #2 - Checking Segment Values
# run 1000 us
# run 1000 us
# run 1000 us
Test #3 - Check for blanking
# run 1000 us
# run 1000 us
# run 1000 us
Done with simulation at time:6062070 ns
