Release 14.7 - xst P.20131013 (nt)
Copyright (c) 1995-2013 Xilinx, Inc.  All rights reserved.
--> Parameter TMPDIR set to xst/projnav.tmp


Total REAL time to Xst completion: 0.00 secs
Total CPU time to Xst completion: 0.26 secs
 
--> Parameter xsthdpdir set to xst


Total REAL time to Xst completion: 0.00 secs
Total CPU time to Xst completion: 0.27 secs
 
--> Reading design: seven_segment_top.prj

TABLE OF CONTENTS
  1) Synthesis Options Summary
  2) HDL Compilation
  3) Design Hierarchy Analysis
  4) HDL Analysis
  5) HDL Synthesis
     5.1) HDL Synthesis Report
  6) Advanced HDL Synthesis
     6.1) Advanced HDL Synthesis Report
  7) Low Level Synthesis
  8) Partition Report
  9) Final Report
	9.1) Device utilization summary
	9.2) Partition Resource Summary
	9.3) TIMING REPORT


=========================================================================
*                      Synthesis Options Summary                        *
=========================================================================
---- Source Parameters
Input File Name                    : "seven_segment_top.prj"
Input Format                       : mixed
Ignore Synthesis Constraint File   : NO

---- Target Parameters
Output File Name                   : "seven_segment_top"
Output Format                      : NGC
Target Device                      : xc3s500e-4-fg320

---- Source Options
Top Module Name                    : seven_segment_top
Automatic FSM Extraction           : YES
FSM Encoding Algorithm             : Auto
Safe Implementation                : No
FSM Style                          : LUT
RAM Extraction                     : Yes
RAM Style                          : Auto
ROM Extraction                     : Yes
Mux Style                          : Auto
Decoder Extraction                 : YES
Priority Encoder Extraction        : Yes
Shift Register Extraction          : YES
Logical Shifter Extraction         : YES
XOR Collapsing                     : YES
ROM Style                          : Auto
Mux Extraction                     : Yes
Resource Sharing                   : YES
Asynchronous To Synchronous        : NO
Multiplier Style                   : Auto
Automatic Register Balancing       : No

---- Target Options
Add IO Buffers                     : YES
Global Maximum Fanout              : 500
Add Generic Clock Buffer(BUFG)     : 24
Register Duplication               : YES
Slice Packing                      : YES
Optimize Instantiated Primitives   : NO
Use Clock Enable                   : Yes
Use Synchronous Set                : Yes
Use Synchronous Reset              : Yes
Pack IO Registers into IOBs        : Auto
Equivalent register Removal        : YES

---- General Options
Optimization Goal                  : Speed
Optimization Effort                : 1
Keep Hierarchy                     : No
Netlist Hierarchy                  : As_Optimized
RTL Output                         : Yes
Global Optimization                : AllClockNets
Read Cores                         : YES
Write Timing Constraints           : NO
Cross Clock Analysis               : NO
Hierarchy Separator                : /
Bus Delimiter                      : <>
Case Specifier                     : Maintain
Slice Utilization Ratio            : 100
BRAM Utilization Ratio             : 100
Verilog 2001                       : YES
Auto BRAM Packing                  : NO
Slice Utilization Ratio Delta      : 5

=========================================================================


=========================================================================
*                          HDL Compilation                              *
=========================================================================
Compiling vhdl file "//fs-caedm/tmadsen2/Courses/ECEN_320/Lab 4/Lab4/seven_segment_control.vhd" in Library work.
Architecture behavioral of Entity seven_segment_control is up to date.
Compiling vhdl file "//fs-caedm/tmadsen2/Courses/ECEN_320/Lab 4/Lab4/seven_segment_top.vhd" in Library work.
Entity <seven_segment_top> compiled.
Entity <seven_segment_top> (Architecture <behavioral>) compiled.

=========================================================================
*                     Design Hierarchy Analysis                         *
=========================================================================
Analyzing hierarchy for entity <seven_segment_top> in library <work> (architecture <behavioral>).

Analyzing hierarchy for entity <seven_segment_control> in library <work> (architecture <behavioral>) with generics.
	COUNTER_BITS = 15


=========================================================================
*                            HDL Analysis                               *
=========================================================================
Analyzing Entity <seven_segment_top> in library <work> (Architecture <behavioral>).
Entity <seven_segment_top> analyzed. Unit <seven_segment_top> generated.

Analyzing generic Entity <seven_segment_control> in library <work> (Architecture <behavioral>).
	COUNTER_BITS = 15
Entity <seven_segment_control> analyzed. Unit <seven_segment_control> generated.


=========================================================================
*                           HDL Synthesis                               *
=========================================================================

Performing bidirectional port resolution...

Synthesizing Unit <seven_segment_control>.
    Related source file is "//fs-caedm/tmadsen2/Courses/ECEN_320/Lab 4/Lab4/seven_segment_control.vhd".
WARNING:Xst:646 - Signal <q<12:0>> is assigned but never used. This unconnected signal will be trimmed during the optimization process.
    Found 16x7-bit ROM for signal <seg>.
    Found 1-bit 4-to-1 multiplexer for signal <dp>.
    Found 1-of-4 decoder for signal <an_temp>.
    Found 4-bit 4-to-1 multiplexer for signal <decoder_in>.
    Found 15-bit up counter for signal <r_reg>.
    Summary:
	inferred   1 ROM(s).
	inferred   1 Counter(s).
	inferred   5 Multiplexer(s).
	inferred   1 Decoder(s).
Unit <seven_segment_control> synthesized.


Synthesizing Unit <seven_segment_top>.
    Related source file is "//fs-caedm/tmadsen2/Courses/ECEN_320/Lab 4/Lab4/seven_segment_top.vhd".
    Found 32-bit up counter for signal <r_reg>.
    Summary:
	inferred   1 Counter(s).
Unit <seven_segment_top> synthesized.


=========================================================================
HDL Synthesis Report

Macro Statistics
# ROMs                                                 : 1
 16x7-bit ROM                                          : 1
# Counters                                             : 2
 15-bit up counter                                     : 1
 32-bit up counter                                     : 1
# Multiplexers                                         : 2
 1-bit 4-to-1 multiplexer                              : 1
 4-bit 4-to-1 multiplexer                              : 1
# Decoders                                             : 1
 1-of-4 decoder                                        : 1

=========================================================================

=========================================================================
*                       Advanced HDL Synthesis                          *
=========================================================================


=========================================================================
Advanced HDL Synthesis Report

Macro Statistics
# ROMs                                                 : 1
 16x7-bit ROM                                          : 1
# Counters                                             : 2
 15-bit up counter                                     : 1
 32-bit up counter                                     : 1
# Multiplexers                                         : 2
 1-bit 4-to-1 multiplexer                              : 1
 4-bit 4-to-1 multiplexer                              : 1
# Decoders                                             : 1
 1-of-4 decoder                                        : 1

=========================================================================

=========================================================================
*                         Low Level Synthesis                           *
=========================================================================

Optimizing unit <seven_segment_top> ...

Optimizing unit <seven_segment_control> ...

Mapping all equations...
Building and optimizing final netlist ...
Found area constraint ratio of 100 (+ 5) on block seven_segment_top, actual ratio is 1.

Final Macro Processing ...

=========================================================================
Final Register Report

Macro Statistics
# Registers                                            : 47
 Flip-Flops                                            : 47

=========================================================================

=========================================================================
*                           Partition Report                            *
=========================================================================

Partition Implementation Status
-------------------------------

  No Partitions were found in this design.

-------------------------------

=========================================================================
*                            Final Report                               *
=========================================================================
Final Results
RTL Top Level Output File Name     : seven_segment_top.ngr
Top Level Output File Name         : seven_segment_top
Output Format                      : NGC
Optimization Goal                  : Speed
Keep Hierarchy                     : No

Design Statistics
# IOs                              : 25

Cell Usage :
# BELS                             : 206
#      GND                         : 1
#      INV                         : 2
#      LUT1                        : 45
#      LUT2                        : 9
#      LUT3                        : 18
#      LUT4                        : 22
#      MUXCY                       : 45
#      MUXF5                       : 16
#      VCC                         : 1
#      XORCY                       : 47
# FlipFlops/Latches                : 47
#      FD                          : 47
# Clock Buffers                    : 1
#      BUFGP                       : 1
# IO Buffers                       : 24
#      IBUF                        : 12
#      OBUF                        : 12
=========================================================================

Device utilization summary:
---------------------------

Selected Device : 3s500efg320-4 

 Number of Slices:                       50  out of   4656     1%  
 Number of Slice Flip Flops:             47  out of   9312     0%  
 Number of 4 input LUTs:                 96  out of   9312     1%  
 Number of IOs:                          25
 Number of bonded IOBs:                  25  out of    232    10%  
 Number of GCLKs:                         1  out of     24     4%  

---------------------------
Partition Resource Summary:
---------------------------

  No Partitions were found in this design.

---------------------------


=========================================================================
TIMING REPORT

NOTE: THESE TIMING NUMBERS ARE ONLY A SYNTHESIS ESTIMATE.
      FOR ACCURATE TIMING INFORMATION PLEASE REFER TO THE TRACE REPORT
      GENERATED AFTER PLACE-and-ROUTE.

Clock Information:
------------------
-----------------------------------+------------------------+-------+
Clock Signal                       | Clock buffer(FF name)  | Load  |
-----------------------------------+------------------------+-------+
clk                                | BUFGP                  | 47    |
-----------------------------------+------------------------+-------+

Asynchronous Control Signals Information:
----------------------------------------
No asynchronous control signals found in this design

Timing Summary:
---------------
Speed Grade: -4

   Minimum period: 5.204ns (Maximum Frequency: 192.160MHz)
   Minimum input arrival time before clock: No path found
   Maximum output required time after clock: 9.133ns
   Maximum combinational path delay: 11.390ns

Timing Detail:
--------------
All values displayed in nanoseconds (ns)

=========================================================================
Timing constraint: Default period analysis for Clock 'clk'
  Clock period: 5.204ns (frequency: 192.160MHz)
  Total number of paths / destination ports: 648 / 47
-------------------------------------------------------------------------
Delay:               5.204ns (Levels of Logic = 32)
  Source:            r_reg_1 (FF)
  Destination:       r_reg_31 (FF)
  Source Clock:      clk rising
  Destination Clock: clk rising

  Data Path: r_reg_1 to r_reg_31
                                Gate     Net
    Cell:in->out      fanout   Delay   Delay  Logical Name (Net Name)
    ----------------------------------------  ------------
     FD:C->Q               2   0.591   0.622  r_reg_1 (r_reg_1)
     LUT1:I0->O            1   0.704   0.000  Mcount_r_reg_cy<1>_rt (Mcount_r_reg_cy<1>_rt)
     MUXCY:S->O            1   0.464   0.000  Mcount_r_reg_cy<1> (Mcount_r_reg_cy<1>)
     MUXCY:CI->O           1   0.059   0.000  Mcount_r_reg_cy<2> (Mcount_r_reg_cy<2>)
     MUXCY:CI->O           1   0.059   0.000  Mcount_r_reg_cy<3> (Mcount_r_reg_cy<3>)
     MUXCY:CI->O           1   0.059   0.000  Mcount_r_reg_cy<4> (Mcount_r_reg_cy<4>)
     MUXCY:CI->O           1   0.059   0.000  Mcount_r_reg_cy<5> (Mcount_r_reg_cy<5>)
     MUXCY:CI->O           1   0.059   0.000  Mcount_r_reg_cy<6> (Mcount_r_reg_cy<6>)
     MUXCY:CI->O           1   0.059   0.000  Mcount_r_reg_cy<7> (Mcount_r_reg_cy<7>)
     MUXCY:CI->O           1   0.059   0.000  Mcount_r_reg_cy<8> (Mcount_r_reg_cy<8>)
     MUXCY:CI->O           1   0.059   0.000  Mcount_r_reg_cy<9> (Mcount_r_reg_cy<9>)
     MUXCY:CI->O           1   0.059   0.000  Mcount_r_reg_cy<10> (Mcount_r_reg_cy<10>)
     MUXCY:CI->O           1   0.059   0.000  Mcount_r_reg_cy<11> (Mcount_r_reg_cy<11>)
     MUXCY:CI->O           1   0.059   0.000  Mcount_r_reg_cy<12> (Mcount_r_reg_cy<12>)
     MUXCY:CI->O           1   0.059   0.000  Mcount_r_reg_cy<13> (Mcount_r_reg_cy<13>)
     MUXCY:CI->O           1   0.059   0.000  Mcount_r_reg_cy<14> (Mcount_r_reg_cy<14>)
     MUXCY:CI->O           1   0.059   0.000  Mcount_r_reg_cy<15> (Mcount_r_reg_cy<15>)
     MUXCY:CI->O           1   0.059   0.000  Mcount_r_reg_cy<16> (Mcount_r_reg_cy<16>)
     MUXCY:CI->O           1   0.059   0.000  Mcount_r_reg_cy<17> (Mcount_r_reg_cy<17>)
     MUXCY:CI->O           1   0.059   0.000  Mcount_r_reg_cy<18> (Mcount_r_reg_cy<18>)
     MUXCY:CI->O           1   0.059   0.000  Mcount_r_reg_cy<19> (Mcount_r_reg_cy<19>)
     MUXCY:CI->O           1   0.059   0.000  Mcount_r_reg_cy<20> (Mcount_r_reg_cy<20>)
     MUXCY:CI->O           1   0.059   0.000  Mcount_r_reg_cy<21> (Mcount_r_reg_cy<21>)
     MUXCY:CI->O           1   0.059   0.000  Mcount_r_reg_cy<22> (Mcount_r_reg_cy<22>)
     MUXCY:CI->O           1   0.059   0.000  Mcount_r_reg_cy<23> (Mcount_r_reg_cy<23>)
     MUXCY:CI->O           1   0.059   0.000  Mcount_r_reg_cy<24> (Mcount_r_reg_cy<24>)
     MUXCY:CI->O           1   0.059   0.000  Mcount_r_reg_cy<25> (Mcount_r_reg_cy<25>)
     MUXCY:CI->O           1   0.059   0.000  Mcount_r_reg_cy<26> (Mcount_r_reg_cy<26>)
     MUXCY:CI->O           1   0.059   0.000  Mcount_r_reg_cy<27> (Mcount_r_reg_cy<27>)
     MUXCY:CI->O           1   0.059   0.000  Mcount_r_reg_cy<28> (Mcount_r_reg_cy<28>)
     MUXCY:CI->O           1   0.059   0.000  Mcount_r_reg_cy<29> (Mcount_r_reg_cy<29>)
     MUXCY:CI->O           0   0.059   0.000  Mcount_r_reg_cy<30> (Mcount_r_reg_cy<30>)
     XORCY:CI->O           1   0.804   0.000  Mcount_r_reg_xor<31> (Result<31>)
     FD:D                      0.308          r_reg_31
    ----------------------------------------
    Total                      5.204ns (4.582ns logic, 0.622ns route)
                                       (88.0% logic, 12.0% route)

=========================================================================
Timing constraint: Default OFFSET OUT AFTER for Clock 'clk'
  Total number of paths / destination ports: 332 / 12
-------------------------------------------------------------------------
Offset:              9.133ns (Levels of Logic = 5)
  Source:            seg_ctl/r_reg_13 (FF)
  Destination:       seg<6> (PAD)
  Source Clock:      clk rising

  Data Path: seg_ctl/r_reg_13 to seg<6>
                                Gate     Net
    Cell:in->out      fanout   Delay   Delay  Logical Name (Net Name)
    ----------------------------------------  ------------
     FD:C->Q              14   0.591   1.000  seg_ctl/r_reg_13 (seg_ctl/r_reg_13)
     MUXF5:S->O            1   0.739   0.499  seg_ctl/Mmux_decoder_in_31_SW0 (N83)
     LUT3:I1->O            1   0.704   0.000  seg_ctl/Mmux_decoder_in_31 (seg_ctl/Mmux_decoder_in_31)
     MUXF5:I1->O           7   0.321   0.883  seg_ctl/Mmux_decoder_in_2_f5_0 (seg_ctl/decoder_in<1>)
     LUT4:I0->O            1   0.704   0.420  seg_ctl/Mrom_seg21 (seg_2_OBUF)
     OBUF:I->O                 3.272          seg_2_OBUF (seg<2>)
    ----------------------------------------
    Total                      9.133ns (6.331ns logic, 2.802ns route)
                                       (69.3% logic, 30.7% route)

=========================================================================
Timing constraint: Default path analysis
  Total number of paths / destination ports: 474 / 12
-------------------------------------------------------------------------
Delay:               11.390ns (Levels of Logic = 7)
  Source:            btn<2> (PAD)
  Destination:       seg<1> (PAD)

  Data Path: btn<2> to seg<1>
                                Gate     Net
    Cell:in->out      fanout   Delay   Delay  Logical Name (Net Name)
    ----------------------------------------  ------------
     IBUF:I->O            25   1.218   1.435  btn_2_IBUF (btn_2_IBUF)
     LUT2:I0->O            2   0.704   0.526  data_in<14>_SW0 (N7)
     LUT4:I1->O            1   0.704   0.499  data_in<8> (data_in<8>)
     LUT3:I1->O            1   0.704   0.000  seg_ctl/Mmux_decoder_in_3 (seg_ctl/Mmux_decoder_in_3)
     MUXF5:I1->O           7   0.321   0.883  seg_ctl/Mmux_decoder_in_2_f5 (seg_ctl/decoder_in<0>)
     LUT4:I0->O            1   0.704   0.420  seg_ctl/Mrom_seg111 (seg_1_OBUF)
     OBUF:I->O                 3.272          seg_1_OBUF (seg<1>)
    ----------------------------------------
    Total                     11.390ns (7.627ns logic, 3.763ns route)
                                       (67.0% logic, 33.0% route)

=========================================================================


Total REAL time to Xst completion: 11.00 secs
Total CPU time to Xst completion: 10.99 secs
 
--> 

Total memory usage is 227552 kilobytes

Number of errors   :    0 (   0 filtered)
Number of warnings :    1 (   0 filtered)
Number of infos    :    0 (   0 filtered)

