Running: C:\Xilinx\14.6\ISE_DS\ISE\bin\nt\unwrapped\fuse.exe -intstyle ise -incremental -lib unisims_ver -lib unimacro_ver -lib xilinxcorelib_ver -o J:/Courses/ECEN_220/Labs/Lab8/myTimer_isim_beh.exe -prj J:/Courses/ECEN_220/Labs/Lab8/myTimer_beh.prj work.myTimer work.glbl 
ISim P.68d (signature 0x8ef4fb42)
Number of CPUs detected in this system: 24
Turning on mult-threading, number of parallel sub-compilation jobs: 48 
Determining compilation order of HDL files
Analyzing Verilog file "J:/Courses/ECEN_220/Labs/Lab8/prog_timer.v" into library work
Analyzing Verilog file "J:/Courses/ECEN_220/Labs/Lab8/myTimer.v" into library work
Analyzing Verilog file "C:/Xilinx/14.6/ISE_DS/ISE//verilog/src/glbl.v" into library work
Starting static elaboration
Completed static elaboration
Fuse Memory Usage: 148656 KB
Fuse CPU Usage: 717 ms
Compiling module prog_timer
Compiling module myTimer
Compiling module glbl
Time Resolution for simulation is 1ps.
Compiled 3 Verilog Units
Built simulation executable J:/Courses/ECEN_220/Labs/Lab8/myTimer_isim_beh.exe
Fuse Memory Usage: 180512 KB
Fuse CPU Usage: 998 ms
