ISim log file
Running: J:\Courses\ECEN_320\Lab10\lab10\charGen_top_isim_beh.exe -intstyle ise -gui -tclbatch isim.cmd -wdb J:/Courses/ECEN_320/Lab10/lab10/charGen_top_isim_beh.wdb 
ISim P.20131013 (signature 0x8ef4fb42)
----------------------------------------------------------------------
INFO:Security:50 - The XILINXD_LICENSE_FILE environment variable is set to '2100@xilinxlic1.ee.byu.edu'.
INFO:Security:52 - The LM_LICENSE_FILE environment variable is set to '4840@linuxlic4.et.byu.edu'.
WARNING:Security:43 - No license file was found in the standard Xilinx license directory.
WARNING:Security:44 - Since no license file was found,
       please run the Xilinx License Configuration Manager
       (xlcm or "Manage Xilinx Licenses")
       to assist in obtaining a license.
WARNING:Security:42 - Your software subscription period has lapsed. Your current version of Xilinx tools will continue to function, but you no longer qualify for Xilinx software updates or new releases.


----------------------------------------------------------------------
This is a Full version of ISim.
Time resolution is 1 ps
# onerror resume
# wave add /
# run 1000 ns
Simulator is doing circuit initialization process.
at 0 ps, Instance /chargen_top/ : Warning: NUMERIC_STD."=": metavalue detected, returning FALSE
at 0 ps, Instance /chargen_top/ : Warning: NUMERIC_STD."=": metavalue detected, returning FALSE
at 0 ps, Instance /chargen_top/ : Warning: NUMERIC_STD."=": metavalue detected, returning FALSE
at 0 ps, Instance /chargen_top/ : Warning: NUMERIC_STD."=": metavalue detected, returning FALSE
at 0 ps, Instance /chargen_top/char/mem/ : Warning: NUMERIC_STD.TO_INTEGER: metavalue detected, returning 0
at 0 ps, Instance /chargen_top/char/font/ : Warning: NUMERIC_STD.TO_INTEGER: metavalue detected, returning 0
Finished circuit initialization process.
# restart
# isim force add clk 0 -time 10 ns 1 repeat 20 ns
# run 25 ns
Simulator is doing circuit initialization process.
at 0 ps, Instance /chargen_top/ : Warning: NUMERIC_STD."=": metavalue detected, returning FALSE
at 0 ps, Instance /chargen_top/ : Warning: NUMERIC_STD."=": metavalue detected, returning FALSE
at 0 ps, Instance /chargen_top/ : Warning: NUMERIC_STD."=": metavalue detected, returning FALSE
at 0 ps, Instance /chargen_top/ : Warning: NUMERIC_STD."=": metavalue detected, returning FALSE
at 0 ps, Instance /chargen_top/char/mem/ : Warning: NUMERIC_STD.TO_INTEGER: metavalue detected, returning 0
at 0 ps, Instance /chargen_top/char/font/ : Warning: NUMERIC_STD.TO_INTEGER: metavalue detected, returning 0
Finished circuit initialization process.
# isim force add clk -value 0 -time 10 ns -value 1 repeat 20 ns
wrong args: expecting a value but got -value
Incorrect usage of command 'isim force add'
Usage: isim force add <signal_name|vlog_reg_name> <value> [-radix <radix>] [-time <time_offset>] { [ -value <value> [-radix <radix>] -time <time_offset>] }  <[-cancel <time_offset>] [-repeat <time_offset>]
for detailed help use 'help isim force add'
# isim force add clk 0 -time 10 ns 1 repeat 20 ns
# run 50 ns
# isim force add clk 0 -time 10 ns -value 1 repeat 20 ns
-value must be followed by -time
Incorrect usage of command 'isim force add'
Usage: isim force add <signal_name|vlog_reg_name> <value> [-radix <radix>] [-time <time_offset>] { [ -value <value> [-radix <radix>] -time <time_offset>] }  <[-cancel <time_offset>] [-repeat <time_offset>]
for detailed help use 'help isim force add'
# isim force add clk 0 -time 10 ns -value 1 -time 20 ns repeat 20 ns
# run 50 ns
at 95 ns, Instance /chargen_top/ : Warning: NUMERIC_STD."=": metavalue detected, returning FALSE
at 95 ns(1), Instance /chargen_top/ : Warning: NUMERIC_STD."=": metavalue detected, returning FALSE
# isim force add clk 0 -time 0 ns -value 1 -time 20 ns repeat 20 ns
# run 50 ns
at 145 ns, Instance /chargen_top/ : Warning: NUMERIC_STD."=": metavalue detected, returning FALSE
# restart
# isim force add clk 0 -time 0 ns -value 1 -time 20 ns repeat 20 ns
# run 50 ns
Simulator is doing circuit initialization process.
at 0 ps, Instance /chargen_top/ : Warning: NUMERIC_STD."=": metavalue detected, returning FALSE
at 0 ps, Instance /chargen_top/ : Warning: NUMERIC_STD."=": metavalue detected, returning FALSE
at 0 ps, Instance /chargen_top/ : Warning: NUMERIC_STD."=": metavalue detected, returning FALSE
at 0 ps, Instance /chargen_top/ : Warning: NUMERIC_STD."=": metavalue detected, returning FALSE
at 0 ps, Instance /chargen_top/char/mem/ : Warning: NUMERIC_STD.TO_INTEGER: metavalue detected, returning 0
at 0 ps, Instance /chargen_top/char/font/ : Warning: NUMERIC_STD.TO_INTEGER: metavalue detected, returning 0
Finished circuit initialization process.
at 20 ns, Instance /chargen_top/ : Warning: NUMERIC_STD."=": metavalue detected, returning FALSE
at 20 ns(1), Instance /chargen_top/ : Warning: NUMERIC_STD."=": metavalue detected, returning FALSE
# isim force add clk 0 -time 0 ns -value 1 -time 20 ns repeat 40 ns
# run 50 ns
at 70 ns, Instance /chargen_top/ : Warning: NUMERIC_STD."=": metavalue detected, returning FALSE
# run 50 ns
# run 50 ns
# isim force add clk 0 -time 0 ns 1 -time 20 ns repeat 40 ns
# run 50 ns
# run 50 ns
# run 50 ns
# run 50 ns
# isim force add clk 1 -value 0 -time 10ns -repeat 20ns
# restart
# run 25 ns
Simulator is doing circuit initialization process.
at 0 ps, Instance /chargen_top/ : Warning: NUMERIC_STD."=": metavalue detected, returning FALSE
at 0 ps, Instance /chargen_top/ : Warning: NUMERIC_STD."=": metavalue detected, returning FALSE
at 0 ps, Instance /chargen_top/ : Warning: NUMERIC_STD."=": metavalue detected, returning FALSE
at 0 ps, Instance /chargen_top/ : Warning: NUMERIC_STD."=": metavalue detected, returning FALSE
at 0 ps, Instance /chargen_top/char/mem/ : Warning: NUMERIC_STD.TO_INTEGER: metavalue detected, returning 0
at 0 ps, Instance /chargen_top/char/font/ : Warning: NUMERIC_STD.TO_INTEGER: metavalue detected, returning 0
Finished circuit initialization process.
# restart
# isim force add clk 1 -value 0 -time 10ns -repeat 20ns
# put rst 1
# run 10 ns
Simulator is doing circuit initialization process.
at 0 ps, Instance /chargen_top/ : Warning: NUMERIC_STD."=": metavalue detected, returning FALSE
at 0 ps, Instance /chargen_top/ : Warning: NUMERIC_STD."=": metavalue detected, returning FALSE
at 0 ps, Instance /chargen_top/ : Warning: NUMERIC_STD."=": metavalue detected, returning FALSE
at 0 ps, Instance /chargen_top/ : Warning: NUMERIC_STD."=": metavalue detected, returning FALSE
at 0 ps, Instance /chargen_top/char/mem/ : Warning: NUMERIC_STD.TO_INTEGER: metavalue detected, returning 0
at 0 ps, Instance /chargen_top/char/font/ : Warning: NUMERIC_STD.TO_INTEGER: metavalue detected, returning 0
Finished circuit initialization process.
at 0 ps, Instance /chargen_top/char/font/ : Warning: NUMERIC_STD.TO_INTEGER: metavalue detected, returning 0
# put rst 0
# run 10 ns
# put sw 00000000
# run 10 ms
# restart
# isim force add clk 1 -value 0 -time 10ns -repeat 20ns
# put rst 1
# run 10 ms
Simulator is doing circuit initialization process.
at 0 ps, Instance /chargen_top/ : Warning: NUMERIC_STD."=": metavalue detected, returning FALSE
at 0 ps, Instance /chargen_top/ : Warning: NUMERIC_STD."=": metavalue detected, returning FALSE
at 0 ps, Instance /chargen_top/ : Warning: NUMERIC_STD."=": metavalue detected, returning FALSE
at 0 ps, Instance /chargen_top/ : Warning: NUMERIC_STD."=": metavalue detected, returning FALSE
at 0 ps, Instance /chargen_top/char/mem/ : Warning: NUMERIC_STD.TO_INTEGER: metavalue detected, returning 0
at 0 ps, Instance /chargen_top/char/font/ : Warning: NUMERIC_STD.TO_INTEGER: metavalue detected, returning 0
Finished circuit initialization process.
at 0 ps, Instance /chargen_top/char/font/ : Warning: NUMERIC_STD.TO_INTEGER: metavalue detected, returning 0
# restart
# isim force add clk 1 -value 0 -time 10ns -repeat 20ns
# run 25 ns
Simulator is doing circuit initialization process.
at 0 ps, Instance /chargen_top/ : Warning: NUMERIC_STD."=": metavalue detected, returning FALSE
at 0 ps, Instance /chargen_top/ : Warning: NUMERIC_STD."=": metavalue detected, returning FALSE
at 0 ps, Instance /chargen_top/ : Warning: NUMERIC_STD."=": metavalue detected, returning FALSE
at 0 ps, Instance /chargen_top/ : Warning: NUMERIC_STD."=": metavalue detected, returning FALSE
at 0 ps, Instance /chargen_top/char/mem/ : Warning: NUMERIC_STD.TO_INTEGER: metavalue detected, returning 0
at 0 ps, Instance /chargen_top/char/font/ : Warning: NUMERIC_STD.TO_INTEGER: metavalue detected, returning 0
Finished circuit initialization process.
at 0 ps, Instance /chargen_top/ : Warning: NUMERIC_STD."=": metavalue detected, returning FALSE
at 0 ps, Instance /chargen_top/ : Warning: NUMERIC_STD."=": metavalue detected, returning FALSE
at 0 ps, Instance /chargen_top/char/font/ : Warning: NUMERIC_STD.TO_INTEGER: metavalue detected, returning 0
at 20 ns(1), Instance /chargen_top/ : Warning: NUMERIC_STD."=": metavalue detected, returning FALSE
# put rst 1
# run 10 ns
# put rst 0
# put sw 0000000
# put btn0 0
# run 30 ns
# run 10 ns
# put btn0 1
# run 10 ns
# run 100 ns
# put sw 01101011
# run 100 ns
# put btn0 0
# run 1000 ns
ISim P.20131013 (signature 0x8ef4fb42)
----------------------------------------------------------------------
INFO:Security:50 - The XILINXD_LICENSE_FILE environment variable is set to '2100@xilinxlic1.ee.byu.edu'.
INFO:Security:52 - The LM_LICENSE_FILE environment variable is set to '4840@linuxlic4.et.byu.edu'.
WARNING:Security:43 - No license file was found in the standard Xilinx license directory.
WARNING:Security:44 - Since no license file was found,
       please run the Xilinx License Configuration Manager
       (xlcm or "Manage Xilinx Licenses")
       to assist in obtaining a license.
WARNING:Security:42 - Your software subscription period has lapsed. Your current version of Xilinx tools will continue to function, but you no longer qualify for Xilinx software updates or new releases.


----------------------------------------------------------------------
This is a Full version of ISim.
# run 1000 ns
Simulator is doing circuit initialization process.
at 0 ps, Instance /chargen_top/ : Warning: NUMERIC_STD."=": metavalue detected, returning FALSE
at 0 ps, Instance /chargen_top/ : Warning: NUMERIC_STD."=": metavalue detected, returning FALSE
at 0 ps, Instance /chargen_top/ : Warning: NUMERIC_STD."=": metavalue detected, returning FALSE
at 0 ps, Instance /chargen_top/ : Warning: NUMERIC_STD."=": metavalue detected, returning FALSE
at 0 ps, Instance /chargen_top/char/mem/ : Warning: NUMERIC_STD.TO_INTEGER: metavalue detected, returning 0
at 0 ps, Instance /chargen_top/char/font/ : Warning: NUMERIC_STD.TO_INTEGER: metavalue detected, returning 0
Finished circuit initialization process.
# isim force add clk 1 -value 0 -time 10ns -repeat 20ns
# run 25 ns
at 1 us, Instance /chargen_top/ : Warning: NUMERIC_STD."=": metavalue detected, returning FALSE
at 1 us(1), Instance /chargen_top/ : Warning: NUMERIC_STD."=": metavalue detected, returning FALSE
at 1020 ns(1), Instance /chargen_top/ : Warning: NUMERIC_STD."=": metavalue detected, returning FALSE
# put rst 1
# run 20 ns
# put rst 0
# put sw 01011001
# put btn0 0
# run 20 ns
# put btn0 1
# run 200ns
# put btn0 0
# run 200 ns
# restart
# isim force add clk 1 -value 0 -time 10ns -repeat 20ns
# run 25 ns
Simulator is doing circuit initialization process.
at 0 ps, Instance /chargen_top/ : Warning: NUMERIC_STD."=": metavalue detected, returning FALSE
at 0 ps, Instance /chargen_top/ : Warning: NUMERIC_STD."=": metavalue detected, returning FALSE
at 0 ps, Instance /chargen_top/ : Warning: NUMERIC_STD."=": metavalue detected, returning FALSE
at 0 ps, Instance /chargen_top/ : Warning: NUMERIC_STD."=": metavalue detected, returning FALSE
at 0 ps, Instance /chargen_top/char/mem/ : Warning: NUMERIC_STD.TO_INTEGER: metavalue detected, returning 0
at 0 ps, Instance /chargen_top/char/font/ : Warning: NUMERIC_STD.TO_INTEGER: metavalue detected, returning 0
Finished circuit initialization process.
at 0 ps, Instance /chargen_top/ : Warning: NUMERIC_STD."=": metavalue detected, returning FALSE
at 0 ps, Instance /chargen_top/ : Warning: NUMERIC_STD."=": metavalue detected, returning FALSE
at 0 ps, Instance /chargen_top/char/font/ : Warning: NUMERIC_STD.TO_INTEGER: metavalue detected, returning 0
at 20 ns(1), Instance /chargen_top/ : Warning: NUMERIC_STD."=": metavalue detected, returning FALSE
# put rst 1
# run 20 ns
# put rst 0
# put sw 01011001
# put btn0 0
# run 20 ns
# put btn0 1
# run 200ns
# put btn0 0
# run 200 ns
