ISim log file
Running: J:\Courses\ECEN_320\Lab 6\Lab6\vga_object_isim_beh.exe -intstyle ise -gui -tclbatch isim.cmd -wdb J:/Courses/ECEN_320/Lab 6/Lab6/vga_object_isim_beh.wdb 
ISim P.20131013 (signature 0x8ef4fb42)
----------------------------------------------------------------------
INFO:Security:50 - The XILINXD_LICENSE_FILE environment variable is set to '2100@xilinxlic1.ee.byu.edu'.
INFO:Security:52 - The LM_LICENSE_FILE environment variable is set to '4840@linuxlic4.et.byu.edu'.
WARNING:Security:43 - No license file was found in the standard Xilinx license directory.
WARNING:Security:44 - Since no license file was found,
       please run the Xilinx License Configuration Manager
       (xlcm or "Manage Xilinx Licenses")
       to assist in obtaining a license.
WARNING:Security:42 - Your software subscription period has lapsed. Your current version of Xilinx tools will continue to function, but you no longer qualify for Xilinx software updates or new releases.


----------------------------------------------------------------------
This is a Full version of ISim.
Time resolution is 1 ps
# onerror resume
# wave add /
# run 1000 ns
Simulator is doing circuit initialization process.
at 0 ps, Instance /vga_object/ : Warning: NUMERIC_STD.">=": metavalue detected, returning FALSE
at 0 ps, Instance /vga_object/ : Warning: NUMERIC_STD.">=": metavalue detected, returning FALSE
at 0 ps, Instance /vga_object/ : Warning: NUMERIC_STD.">=": metavalue detected, returning FALSE
at 0 ps, Instance /vga_object/ : Warning: NUMERIC_STD.">=": metavalue detected, returning FALSE
at 0 ps, Instance /vga_object/ : Warning: NUMERIC_STD.">=": metavalue detected, returning FALSE
at 0 ps, Instance /vga_object/ : Warning: NUMERIC_STD.">=": metavalue detected, returning FALSE
at 0 ps, Instance /vga_object/ : Warning: NUMERIC_STD.">=": metavalue detected, returning FALSE
at 0 ps, Instance /vga_object/ : Warning: NUMERIC_STD."<": metavalue detected, returning FALSE
at 0 ps, Instance /vga_object/ : Warning: NUMERIC_STD."<": metavalue detected, returning FALSE
at 0 ps, Instance /vga_object/ : Warning: NUMERIC_STD."<": metavalue detected, returning FALSE
at 0 ps, Instance /vga_object/ : Warning: NUMERIC_STD."<": metavalue detected, returning FALSE
at 0 ps, Instance /vga_object/ : Warning: NUMERIC_STD."<": metavalue detected, returning FALSE
at 0 ps, Instance /vga_object/ : Warning: NUMERIC_STD."<": metavalue detected, returning FALSE
at 0 ps, Instance /vga_object/ : Warning: NUMERIC_STD."<": metavalue detected, returning FALSE
at 0 ps, Instance /vga_object/ : Warning: NUMERIC_STD."<": metavalue detected, returning FALSE
at 0 ps, Instance /vga_object/ : Warning: NUMERIC_STD."<": metavalue detected, returning FALSE
at 0 ps, Instance /vga_object/ : Warning: NUMERIC_STD."<": metavalue detected, returning FALSE
at 0 ps, Instance /vga_object/ : Warning: NUMERIC_STD."<": metavalue detected, returning FALSE
Finished circuit initialization process.
