ISim log file
Running: J:\Courses\ECEN_320\Lab11\lab11\tb_frameBuffer_isim_beh.exe -intstyle ise -gui -tclbatch isim.cmd -wdb J:/Courses/ECEN_320/Lab11/lab11/tb_frameBuffer_isim_beh.wdb 
ISim P.20131013 (signature 0x7708f090)
----------------------------------------------------------------------
INFO:Security:51 - The XILINXD_LICENSE_FILE environment variable is not set.
INFO:Security:52 - The LM_LICENSE_FILE environment variable is set to '1717@modelsimlic1.ee.byu.edu;2100@xilinxlic1.ee.byu.edu;5280@cadencelic1.ee.byu.edu'.
WARNING:Security:43 - No license file was found in the standard Xilinx license directory.
WARNING:Security:44 - Since no license file was found,
       please run the Xilinx License Configuration Manager
       (xlcm or "Manage Xilinx Licenses")
       to assist in obtaining a license.
WARNING:Security:42 - Your software subscription period has lapsed. Your current version of Xilinx tools will continue to function, but you no longer qualify for Xilinx software updates or new releases.


----------------------------------------------------------------------
This is a Full version of ISim.
Time resolution is 1 ps
# onerror resume
# wave add /
# run 1000 ns
Simulator is doing circuit initialization process.
*****  Notice! *****
** This memory model has been modified for the ECEN 320 frame buffer laboratory. 
** The memory model does not behave as described in the device data sheet. 
** The memory model will not simulate writes and will provide the following data on a read:
**  - the model will output 'X' values when invalid image locations are read
**  - For a valid image location, a memory read will return:
**    data[15:12] - addr[21:18]
**    data[11:8] - addr[2:0] & '1'
**    data[7:4] - addr[12:9]
**    data[3:0] - addr[2:0] & '0'
at 0 ps, Instance /tb_framebuffer/fb/sram_control/ : Warning: NUMERIC_STD."=": metavalue detected, returning FALSE
Finished circuit initialization process.
at 0 ps, Instance /tb_framebuffer/fb/sram_control/ : Warning: NUMERIC_STD."=": metavalue detected, returning FALSE
at 7 ns(2), Instance /tb_framebuffer/fb/sram_control/ : Warning: NUMERIC_STD."=": metavalue detected, returning FALSE
at 10 ns(1), Instance /tb_framebuffer/fb/sram_control/ : Warning: NUMERIC_STD."=": metavalue detected, returning FALSE
at 90 ns(1), Instance /tb_framebuffer/fb/sram_control/ : Warning: NUMERIC_STD."=": metavalue detected, returning FALSE
Press button 0 - issue reset
Testbench will simulate a full VGA frame at image 0
# restart
# run 17 ms
Simulator is doing circuit initialization process.
*****  Notice! *****
** This memory model has been modified for the ECEN 320 frame buffer laboratory. 
** The memory model does not behave as described in the device data sheet. 
** The memory model will not simulate writes and will provide the following data on a read:
**  - the model will output 'X' values when invalid image locations are read
**  - For a valid image location, a memory read will return:
**    data[15:12] - addr[21:18]
**    data[11:8] - addr[2:0] & '1'
**    data[7:4] - addr[12:9]
**    data[3:0] - addr[2:0] & '0'
at 0 ps, Instance /tb_framebuffer/fb/sram_control/ : Warning: NUMERIC_STD."=": metavalue detected, returning FALSE
Finished circuit initialization process.
at 0 ps, Instance /tb_framebuffer/fb/sram_control/ : Warning: NUMERIC_STD."=": metavalue detected, returning FALSE
at 7 ns(2), Instance /tb_framebuffer/fb/sram_control/ : Warning: NUMERIC_STD."=": metavalue detected, returning FALSE
at 10 ns(1), Instance /tb_framebuffer/fb/sram_control/ : Warning: NUMERIC_STD."=": metavalue detected, returning FALSE
at 90 ns(1), Instance /tb_framebuffer/fb/sram_control/ : Warning: NUMERIC_STD."=": metavalue detected, returning FALSE
Press button 0 - issue reset
Testbench will simulate a full VGA frame at image 0
Testbench will simulate a full VGA frame at image 1 15830210 ns
# run 17 ms
Stopped at time : 19208777 ns : File "//fs-caedm/tmadsen2/Courses/ECEN_320/Lab11/lab11/cellram_checker.v" Line 128
# restart
# run 1 ms
Simulator is doing circuit initialization process.
*****  Notice! *****
** This memory model has been modified for the ECEN 320 frame buffer laboratory. 
** The memory model does not behave as described in the device data sheet. 
** The memory model will not simulate writes and will provide the following data on a read:
**  - the model will output 'X' values when invalid image locations are read
**  - For a valid image location, a memory read will return:
**    data[15:12] - addr[21:18]
**    data[11:8] - addr[2:0] & '1'
**    data[7:4] - addr[12:9]
**    data[3:0] - addr[2:0] & '0'
at 0 ps, Instance /tb_framebuffer/fb/sram_control/ : Warning: NUMERIC_STD."=": metavalue detected, returning FALSE
Finished circuit initialization process.
at 0 ps, Instance /tb_framebuffer/fb/sram_control/ : Warning: NUMERIC_STD."=": metavalue detected, returning FALSE
at 7 ns(2), Instance /tb_framebuffer/fb/sram_control/ : Warning: NUMERIC_STD."=": metavalue detected, returning FALSE
at 10 ns(1), Instance /tb_framebuffer/fb/sram_control/ : Warning: NUMERIC_STD."=": metavalue detected, returning FALSE
at 90 ns(1), Instance /tb_framebuffer/fb/sram_control/ : Warning: NUMERIC_STD."=": metavalue detected, returning FALSE
Press button 0 - issue reset
Testbench will simulate a full VGA frame at image 0
# restart
# run 1 ms
Simulator is doing circuit initialization process.
*****  Notice! *****
** This memory model has been modified for the ECEN 320 frame buffer laboratory. 
** The memory model does not behave as described in the device data sheet. 
** The memory model will not simulate writes and will provide the following data on a read:
**  - the model will output 'X' values when invalid image locations are read
**  - For a valid image location, a memory read will return:
**    data[15:12] - addr[21:18]
**    data[11:8] - addr[2:0] & '1'
**    data[7:4] - addr[12:9]
**    data[3:0] - addr[2:0] & '0'
at 0 ps, Instance /tb_framebuffer/fb/sram_control/ : Warning: NUMERIC_STD."=": metavalue detected, returning FALSE
Finished circuit initialization process.
at 0 ps, Instance /tb_framebuffer/fb/sram_control/ : Warning: NUMERIC_STD."=": metavalue detected, returning FALSE
at 7 ns(2), Instance /tb_framebuffer/fb/sram_control/ : Warning: NUMERIC_STD."=": metavalue detected, returning FALSE
at 10 ns(1), Instance /tb_framebuffer/fb/sram_control/ : Warning: NUMERIC_STD."=": metavalue detected, returning FALSE
at 90 ns(1), Instance /tb_framebuffer/fb/sram_control/ : Warning: NUMERIC_STD."=": metavalue detected, returning FALSE
Press button 0 - issue reset
Testbench will simulate a full VGA frame at image 0
ISim P.20131013 (signature 0x7708f090)
----------------------------------------------------------------------
INFO:Security:51 - The XILINXD_LICENSE_FILE environment variable is not set.
INFO:Security:52 - The LM_LICENSE_FILE environment variable is set to '1717@modelsimlic1.ee.byu.edu;2100@xilinxlic1.ee.byu.edu;5280@cadencelic1.ee.byu.edu'.
WARNING:Security:43 - No license file was found in the standard Xilinx license directory.
WARNING:Security:44 - Since no license file was found,
       please run the Xilinx License Configuration Manager
       (xlcm or "Manage Xilinx Licenses")
       to assist in obtaining a license.
WARNING:Security:42 - Your software subscription period has lapsed. Your current version of Xilinx tools will continue to function, but you no longer qualify for Xilinx software updates or new releases.


----------------------------------------------------------------------
This is a Full version of ISim.
# run 1000 ns
Simulator is doing circuit initialization process.
*****  Notice! *****
** This memory model has been modified for the ECEN 320 frame buffer laboratory. 
** The memory model does not behave as described in the device data sheet. 
** The memory model will not simulate writes and will provide the following data on a read:
**  - the model will output 'X' values when invalid image locations are read
**  - For a valid image location, a memory read will return:
**    data[15:12] - addr[21:18]
**    data[11:8] - addr[2:0] & '1'
**    data[7:4] - addr[12:9]
**    data[3:0] - addr[2:0] & '0'
at 0 ps, Instance /tb_framebuffer/fb/sram_control/ : Warning: NUMERIC_STD."=": metavalue detected, returning FALSE
Finished circuit initialization process.
at 0 ps, Instance /tb_framebuffer/fb/sram_control/ : Warning: NUMERIC_STD."=": metavalue detected, returning FALSE
at 7 ns(2), Instance /tb_framebuffer/fb/sram_control/ : Warning: NUMERIC_STD."=": metavalue detected, returning FALSE
at 10 ns(1), Instance /tb_framebuffer/fb/sram_control/ : Warning: NUMERIC_STD."=": metavalue detected, returning FALSE
at 90 ns(1), Instance /tb_framebuffer/fb/sram_control/ : Warning: NUMERIC_STD."=": metavalue detected, returning FALSE
Press button 0 - issue reset
Testbench will simulate a full VGA frame at image 0
# restart
# run 1 ms
Simulator is doing circuit initialization process.
*****  Notice! *****
** This memory model has been modified for the ECEN 320 frame buffer laboratory. 
** The memory model does not behave as described in the device data sheet. 
** The memory model will not simulate writes and will provide the following data on a read:
**  - the model will output 'X' values when invalid image locations are read
**  - For a valid image location, a memory read will return:
**    data[15:12] - addr[21:18]
**    data[11:8] - addr[2:0] & '1'
**    data[7:4] - addr[12:9]
**    data[3:0] - addr[2:0] & '0'
at 0 ps, Instance /tb_framebuffer/fb/sram_control/ : Warning: NUMERIC_STD."=": metavalue detected, returning FALSE
Finished circuit initialization process.
at 0 ps, Instance /tb_framebuffer/fb/sram_control/ : Warning: NUMERIC_STD."=": metavalue detected, returning FALSE
at 7 ns(2), Instance /tb_framebuffer/fb/sram_control/ : Warning: NUMERIC_STD."=": metavalue detected, returning FALSE
at 10 ns(1), Instance /tb_framebuffer/fb/sram_control/ : Warning: NUMERIC_STD."=": metavalue detected, returning FALSE
at 90 ns(1), Instance /tb_framebuffer/fb/sram_control/ : Warning: NUMERIC_STD."=": metavalue detected, returning FALSE
Press button 0 - issue reset
Testbench will simulate a full VGA frame at image 0
ISim P.20131013 (signature 0x7708f090)
----------------------------------------------------------------------
INFO:Security:51 - The XILINXD_LICENSE_FILE environment variable is not set.
INFO:Security:52 - The LM_LICENSE_FILE environment variable is set to '1717@modelsimlic1.ee.byu.edu;2100@xilinxlic1.ee.byu.edu;5280@cadencelic1.ee.byu.edu'.
WARNING:Security:43 - No license file was found in the standard Xilinx license directory.
WARNING:Security:44 - Since no license file was found,
       please run the Xilinx License Configuration Manager
       (xlcm or "Manage Xilinx Licenses")
       to assist in obtaining a license.
WARNING:Security:42 - Your software subscription period has lapsed. Your current version of Xilinx tools will continue to function, but you no longer qualify for Xilinx software updates or new releases.


----------------------------------------------------------------------
This is a Full version of ISim.
# run 1000 ns
Simulator is doing circuit initialization process.
*****  Notice! *****
** This memory model has been modified for the ECEN 320 frame buffer laboratory. 
** The memory model does not behave as described in the device data sheet. 
** The memory model will not simulate writes and will provide the following data on a read:
**  - the model will output 'X' values when invalid image locations are read
**  - For a valid image location, a memory read will return:
**    data[15:12] - addr[21:18]
**    data[11:8] - addr[2:0] & '1'
**    data[7:4] - addr[12:9]
**    data[3:0] - addr[2:0] & '0'
at 0 ps, Instance /tb_framebuffer/fb/sram_control/ : Warning: NUMERIC_STD."=": metavalue detected, returning FALSE
Finished circuit initialization process.
at 0 ps, Instance /tb_framebuffer/fb/sram_control/ : Warning: NUMERIC_STD."=": metavalue detected, returning FALSE
at 7 ns(2), Instance /tb_framebuffer/fb/sram_control/ : Warning: NUMERIC_STD."=": metavalue detected, returning FALSE
at 10 ns(1), Instance /tb_framebuffer/fb/sram_control/ : Warning: NUMERIC_STD."=": metavalue detected, returning FALSE
at 90 ns(1), Instance /tb_framebuffer/fb/sram_control/ : Warning: NUMERIC_STD."=": metavalue detected, returning FALSE
Press button 0 - issue reset
Testbench will simulate a full VGA frame at image 0
# restart
# run 1 ms
Simulator is doing circuit initialization process.
*****  Notice! *****
** This memory model has been modified for the ECEN 320 frame buffer laboratory. 
** The memory model does not behave as described in the device data sheet. 
** The memory model will not simulate writes and will provide the following data on a read:
**  - the model will output 'X' values when invalid image locations are read
**  - For a valid image location, a memory read will return:
**    data[15:12] - addr[21:18]
**    data[11:8] - addr[2:0] & '1'
**    data[7:4] - addr[12:9]
**    data[3:0] - addr[2:0] & '0'
at 0 ps, Instance /tb_framebuffer/fb/sram_control/ : Warning: NUMERIC_STD."=": metavalue detected, returning FALSE
Finished circuit initialization process.
at 0 ps, Instance /tb_framebuffer/fb/sram_control/ : Warning: NUMERIC_STD."=": metavalue detected, returning FALSE
at 7 ns(2), Instance /tb_framebuffer/fb/sram_control/ : Warning: NUMERIC_STD."=": metavalue detected, returning FALSE
at 10 ns(1), Instance /tb_framebuffer/fb/sram_control/ : Warning: NUMERIC_STD."=": metavalue detected, returning FALSE
at 90 ns(1), Instance /tb_framebuffer/fb/sram_control/ : Warning: NUMERIC_STD."=": metavalue detected, returning FALSE
Press button 0 - issue reset
Testbench will simulate a full VGA frame at image 0
ISim P.20131013 (signature 0x7708f090)
----------------------------------------------------------------------
INFO:Security:51 - The XILINXD_LICENSE_FILE environment variable is not set.
INFO:Security:52 - The LM_LICENSE_FILE environment variable is set to '1717@modelsimlic1.ee.byu.edu;2100@xilinxlic1.ee.byu.edu;5280@cadencelic1.ee.byu.edu'.
WARNING:Security:43 - No license file was found in the standard Xilinx license directory.
WARNING:Security:44 - Since no license file was found,
       please run the Xilinx License Configuration Manager
       (xlcm or "Manage Xilinx Licenses")
       to assist in obtaining a license.
WARNING:Security:42 - Your software subscription period has lapsed. Your current version of Xilinx tools will continue to function, but you no longer qualify for Xilinx software updates or new releases.


----------------------------------------------------------------------
This is a Full version of ISim.
# run 1000 ns
Simulator is doing circuit initialization process.
*****  Notice! *****
** This memory model has been modified for the ECEN 320 frame buffer laboratory. 
** The memory model does not behave as described in the device data sheet. 
** The memory model will not simulate writes and will provide the following data on a read:
**  - the model will output 'X' values when invalid image locations are read
**  - For a valid image location, a memory read will return:
**    data[15:12] - addr[21:18]
**    data[11:8] - addr[2:0] & '1'
**    data[7:4] - addr[12:9]
**    data[3:0] - addr[2:0] & '0'
at 0 ps, Instance /tb_framebuffer/fb/sram_control/ : Warning: NUMERIC_STD."=": metavalue detected, returning FALSE
Finished circuit initialization process.
at 0 ps, Instance /tb_framebuffer/fb/sram_control/ : Warning: NUMERIC_STD."=": metavalue detected, returning FALSE
at 7 ns(2), Instance /tb_framebuffer/fb/sram_control/ : Warning: NUMERIC_STD."=": metavalue detected, returning FALSE
at 10 ns(1), Instance /tb_framebuffer/fb/sram_control/ : Warning: NUMERIC_STD."=": metavalue detected, returning FALSE
at 90 ns(1), Instance /tb_framebuffer/fb/sram_control/ : Warning: NUMERIC_STD."=": metavalue detected, returning FALSE
Press button 0 - issue reset
Testbench will simulate a full VGA frame at image 0
# run 1 ms
# restart
# restart
# restart
# run 1 ms
Simulator is doing circuit initialization process.
*****  Notice! *****
** This memory model has been modified for the ECEN 320 frame buffer laboratory. 
** The memory model does not behave as described in the device data sheet. 
** The memory model will not simulate writes and will provide the following data on a read:
**  - the model will output 'X' values when invalid image locations are read
**  - For a valid image location, a memory read will return:
**    data[15:12] - addr[21:18]
**    data[11:8] - addr[2:0] & '1'
**    data[7:4] - addr[12:9]
**    data[3:0] - addr[2:0] & '0'
at 0 ps, Instance /tb_framebuffer/fb/sram_control/ : Warning: NUMERIC_STD."=": metavalue detected, returning FALSE
Finished circuit initialization process.
at 0 ps, Instance /tb_framebuffer/fb/sram_control/ : Warning: NUMERIC_STD."=": metavalue detected, returning FALSE
at 7 ns(2), Instance /tb_framebuffer/fb/sram_control/ : Warning: NUMERIC_STD."=": metavalue detected, returning FALSE
at 10 ns(1), Instance /tb_framebuffer/fb/sram_control/ : Warning: NUMERIC_STD."=": metavalue detected, returning FALSE
at 90 ns(1), Instance /tb_framebuffer/fb/sram_control/ : Warning: NUMERIC_STD."=": metavalue detected, returning FALSE
Press button 0 - issue reset
Testbench will simulate a full VGA frame at image 0
ISim P.20131013 (signature 0x7708f090)
----------------------------------------------------------------------
INFO:Security:51 - The XILINXD_LICENSE_FILE environment variable is not set.
INFO:Security:52 - The LM_LICENSE_FILE environment variable is set to '1717@modelsimlic1.ee.byu.edu;2100@xilinxlic1.ee.byu.edu;5280@cadencelic1.ee.byu.edu'.
WARNING:Security:43 - No license file was found in the standard Xilinx license directory.
WARNING:Security:44 - Since no license file was found,
       please run the Xilinx License Configuration Manager
       (xlcm or "Manage Xilinx Licenses")
       to assist in obtaining a license.
WARNING:Security:42 - Your software subscription period has lapsed. Your current version of Xilinx tools will continue to function, but you no longer qualify for Xilinx software updates or new releases.


----------------------------------------------------------------------
This is a Full version of ISim.
# run 1000 ns
Simulator is doing circuit initialization process.
*****  Notice! *****
** This memory model has been modified for the ECEN 320 frame buffer laboratory. 
** The memory model does not behave as described in the device data sheet. 
** The memory model will not simulate writes and will provide the following data on a read:
**  - the model will output 'X' values when invalid image locations are read
**  - For a valid image location, a memory read will return:
**    data[15:12] - addr[21:18]
**    data[11:8] - addr[2:0] & '1'
**    data[7:4] - addr[12:9]
**    data[3:0] - addr[2:0] & '0'
at 0 ps, Instance /tb_framebuffer/fb/sram_control/ : Warning: NUMERIC_STD."=": metavalue detected, returning FALSE
Finished circuit initialization process.
at 0 ps, Instance /tb_framebuffer/fb/sram_control/ : Warning: NUMERIC_STD."=": metavalue detected, returning FALSE
at 7 ns(2), Instance /tb_framebuffer/fb/sram_control/ : Warning: NUMERIC_STD."=": metavalue detected, returning FALSE
at 10 ns(1), Instance /tb_framebuffer/fb/sram_control/ : Warning: NUMERIC_STD."=": metavalue detected, returning FALSE
Press button 0 - issue reset
Testbench will simulate a full VGA frame at image 0
# restart
# run 1 ms
Simulator is doing circuit initialization process.
*****  Notice! *****
** This memory model has been modified for the ECEN 320 frame buffer laboratory. 
** The memory model does not behave as described in the device data sheet. 
** The memory model will not simulate writes and will provide the following data on a read:
**  - the model will output 'X' values when invalid image locations are read
**  - For a valid image location, a memory read will return:
**    data[15:12] - addr[21:18]
**    data[11:8] - addr[2:0] & '1'
**    data[7:4] - addr[12:9]
**    data[3:0] - addr[2:0] & '0'
at 0 ps, Instance /tb_framebuffer/fb/sram_control/ : Warning: NUMERIC_STD."=": metavalue detected, returning FALSE
Finished circuit initialization process.
at 0 ps, Instance /tb_framebuffer/fb/sram_control/ : Warning: NUMERIC_STD."=": metavalue detected, returning FALSE
at 7 ns(2), Instance /tb_framebuffer/fb/sram_control/ : Warning: NUMERIC_STD."=": metavalue detected, returning FALSE
at 10 ns(1), Instance /tb_framebuffer/fb/sram_control/ : Warning: NUMERIC_STD."=": metavalue detected, returning FALSE
Press button 0 - issue reset
Testbench will simulate a full VGA frame at image 0
ISim P.20131013 (signature 0x7708f090)
----------------------------------------------------------------------
INFO:Security:51 - The XILINXD_LICENSE_FILE environment variable is not set.
INFO:Security:52 - The LM_LICENSE_FILE environment variable is set to '1717@modelsimlic1.ee.byu.edu;2100@xilinxlic1.ee.byu.edu;5280@cadencelic1.ee.byu.edu'.
WARNING:Security:43 - No license file was found in the standard Xilinx license directory.
WARNING:Security:44 - Since no license file was found,
       please run the Xilinx License Configuration Manager
       (xlcm or "Manage Xilinx Licenses")
       to assist in obtaining a license.
WARNING:Security:42 - Your software subscription period has lapsed. Your current version of Xilinx tools will continue to function, but you no longer qualify for Xilinx software updates or new releases.


----------------------------------------------------------------------
This is a Full version of ISim.
# run 1000 ns
Simulator is doing circuit initialization process.
*****  Notice! *****
** This memory model has been modified for the ECEN 320 frame buffer laboratory. 
** The memory model does not behave as described in the device data sheet. 
** The memory model will not simulate writes and will provide the following data on a read:
**  - the model will output 'X' values when invalid image locations are read
**  - For a valid image location, a memory read will return:
**    data[15:12] - addr[21:18]
**    data[11:8] - addr[2:0] & '1'
**    data[7:4] - addr[12:9]
**    data[3:0] - addr[2:0] & '0'
at 0 ps, Instance /tb_framebuffer/fb/sram_control/ : Warning: NUMERIC_STD."=": metavalue detected, returning FALSE
Finished circuit initialization process.
at 0 ps, Instance /tb_framebuffer/fb/sram_control/ : Warning: NUMERIC_STD."=": metavalue detected, returning FALSE
at 7 ns(2), Instance /tb_framebuffer/fb/sram_control/ : Warning: NUMERIC_STD."=": metavalue detected, returning FALSE
at 10 ns(1), Instance /tb_framebuffer/fb/sram_control/ : Warning: NUMERIC_STD."=": metavalue detected, returning FALSE
at 90 ns(1), Instance /tb_framebuffer/fb/sram_control/ : Warning: NUMERIC_STD."=": metavalue detected, returning FALSE
Press button 0 - issue reset
Testbench will simulate a full VGA frame at image 0
# restart
# run 1 ms
Simulator is doing circuit initialization process.
*****  Notice! *****
** This memory model has been modified for the ECEN 320 frame buffer laboratory. 
** The memory model does not behave as described in the device data sheet. 
** The memory model will not simulate writes and will provide the following data on a read:
**  - the model will output 'X' values when invalid image locations are read
**  - For a valid image location, a memory read will return:
**    data[15:12] - addr[21:18]
**    data[11:8] - addr[2:0] & '1'
**    data[7:4] - addr[12:9]
**    data[3:0] - addr[2:0] & '0'
at 0 ps, Instance /tb_framebuffer/fb/sram_control/ : Warning: NUMERIC_STD."=": metavalue detected, returning FALSE
Finished circuit initialization process.
at 0 ps, Instance /tb_framebuffer/fb/sram_control/ : Warning: NUMERIC_STD."=": metavalue detected, returning FALSE
at 7 ns(2), Instance /tb_framebuffer/fb/sram_control/ : Warning: NUMERIC_STD."=": metavalue detected, returning FALSE
at 10 ns(1), Instance /tb_framebuffer/fb/sram_control/ : Warning: NUMERIC_STD."=": metavalue detected, returning FALSE
at 90 ns(1), Instance /tb_framebuffer/fb/sram_control/ : Warning: NUMERIC_STD."=": metavalue detected, returning FALSE
Press button 0 - issue reset
Testbench will simulate a full VGA frame at image 0
ISim P.20131013 (signature 0x7708f090)
----------------------------------------------------------------------
INFO:Security:51 - The XILINXD_LICENSE_FILE environment variable is not set.
INFO:Security:52 - The LM_LICENSE_FILE environment variable is set to '1717@modelsimlic1.ee.byu.edu;2100@xilinxlic1.ee.byu.edu;5280@cadencelic1.ee.byu.edu'.
WARNING:Security:43 - No license file was found in the standard Xilinx license directory.
WARNING:Security:44 - Since no license file was found,
       please run the Xilinx License Configuration Manager
       (xlcm or "Manage Xilinx Licenses")
       to assist in obtaining a license.
WARNING:Security:42 - Your software subscription period has lapsed. Your current version of Xilinx tools will continue to function, but you no longer qualify for Xilinx software updates or new releases.


----------------------------------------------------------------------
This is a Full version of ISim.
# run 1000 ns
Simulator is doing circuit initialization process.
*****  Notice! *****
** This memory model has been modified for the ECEN 320 frame buffer laboratory. 
** The memory model does not behave as described in the device data sheet. 
** The memory model will not simulate writes and will provide the following data on a read:
**  - the model will output 'X' values when invalid image locations are read
**  - For a valid image location, a memory read will return:
**    data[15:12] - addr[21:18]
**    data[11:8] - addr[2:0] & '1'
**    data[7:4] - addr[12:9]
**    data[3:0] - addr[2:0] & '0'
at 0 ps, Instance /tb_framebuffer/fb/sram_control/ : Warning: NUMERIC_STD."=": metavalue detected, returning FALSE
Finished circuit initialization process.
at 0 ps, Instance /tb_framebuffer/fb/sram_control/ : Warning: NUMERIC_STD."=": metavalue detected, returning FALSE
at 7 ns(2), Instance /tb_framebuffer/fb/sram_control/ : Warning: NUMERIC_STD."=": metavalue detected, returning FALSE
at 10 ns(1), Instance /tb_framebuffer/fb/sram_control/ : Warning: NUMERIC_STD."=": metavalue detected, returning FALSE
at 90 ns(1), Instance /tb_framebuffer/fb/sram_control/ : Warning: NUMERIC_STD."=": metavalue detected, returning FALSE
Press button 0 - issue reset
Testbench will simulate a full VGA frame at image 0
# restart
# run 1 ms
Simulator is doing circuit initialization process.
*****  Notice! *****
** This memory model has been modified for the ECEN 320 frame buffer laboratory. 
** The memory model does not behave as described in the device data sheet. 
** The memory model will not simulate writes and will provide the following data on a read:
**  - the model will output 'X' values when invalid image locations are read
**  - For a valid image location, a memory read will return:
**    data[15:12] - addr[21:18]
**    data[11:8] - addr[2:0] & '1'
**    data[7:4] - addr[12:9]
**    data[3:0] - addr[2:0] & '0'
at 0 ps, Instance /tb_framebuffer/fb/sram_control/ : Warning: NUMERIC_STD."=": metavalue detected, returning FALSE
Finished circuit initialization process.
at 0 ps, Instance /tb_framebuffer/fb/sram_control/ : Warning: NUMERIC_STD."=": metavalue detected, returning FALSE
at 7 ns(2), Instance /tb_framebuffer/fb/sram_control/ : Warning: NUMERIC_STD."=": metavalue detected, returning FALSE
at 10 ns(1), Instance /tb_framebuffer/fb/sram_control/ : Warning: NUMERIC_STD."=": metavalue detected, returning FALSE
at 90 ns(1), Instance /tb_framebuffer/fb/sram_control/ : Warning: NUMERIC_STD."=": metavalue detected, returning FALSE
Press button 0 - issue reset
Testbench will simulate a full VGA frame at image 0
ISim P.20131013 (signature 0x7708f090)
----------------------------------------------------------------------
INFO:Security:51 - The XILINXD_LICENSE_FILE environment variable is not set.
INFO:Security:52 - The LM_LICENSE_FILE environment variable is set to '1717@modelsimlic1.ee.byu.edu;2100@xilinxlic1.ee.byu.edu;5280@cadencelic1.ee.byu.edu'.
WARNING:Security:43 - No license file was found in the standard Xilinx license directory.
WARNING:Security:44 - Since no license file was found,
       please run the Xilinx License Configuration Manager
       (xlcm or "Manage Xilinx Licenses")
       to assist in obtaining a license.
WARNING:Security:42 - Your software subscription period has lapsed. Your current version of Xilinx tools will continue to function, but you no longer qualify for Xilinx software updates or new releases.


----------------------------------------------------------------------
This is a Full version of ISim.
# run 1000 ns
Simulator is doing circuit initialization process.
*****  Notice! *****
** This memory model has been modified for the ECEN 320 frame buffer laboratory. 
** The memory model does not behave as described in the device data sheet. 
** The memory model will not simulate writes and will provide the following data on a read:
**  - the model will output 'X' values when invalid image locations are read
**  - For a valid image location, a memory read will return:
**    data[15:12] - addr[21:18]
**    data[11:8] - addr[2:0] & '1'
**    data[7:4] - addr[12:9]
**    data[3:0] - addr[2:0] & '0'
at 0 ps, Instance /tb_framebuffer/fb/sram_control/ : Warning: NUMERIC_STD."=": metavalue detected, returning FALSE
Finished circuit initialization process.
at 0 ps, Instance /tb_framebuffer/fb/sram_control/ : Warning: NUMERIC_STD."=": metavalue detected, returning FALSE
at 7 ns(2), Instance /tb_framebuffer/fb/sram_control/ : Warning: NUMERIC_STD."=": metavalue detected, returning FALSE
at 10 ns(1), Instance /tb_framebuffer/fb/sram_control/ : Warning: NUMERIC_STD."=": metavalue detected, returning FALSE
at 90 ns(1), Instance /tb_framebuffer/fb/sram_control/ : Warning: NUMERIC_STD."=": metavalue detected, returning FALSE
Press button 0 - issue reset
Testbench will simulate a full VGA frame at image 0
# restart
# run 1 ms
Simulator is doing circuit initialization process.
*****  Notice! *****
** This memory model has been modified for the ECEN 320 frame buffer laboratory. 
** The memory model does not behave as described in the device data sheet. 
** The memory model will not simulate writes and will provide the following data on a read:
**  - the model will output 'X' values when invalid image locations are read
**  - For a valid image location, a memory read will return:
**    data[15:12] - addr[21:18]
**    data[11:8] - addr[2:0] & '1'
**    data[7:4] - addr[12:9]
**    data[3:0] - addr[2:0] & '0'
at 0 ps, Instance /tb_framebuffer/fb/sram_control/ : Warning: NUMERIC_STD."=": metavalue detected, returning FALSE
Finished circuit initialization process.
at 0 ps, Instance /tb_framebuffer/fb/sram_control/ : Warning: NUMERIC_STD."=": metavalue detected, returning FALSE
at 7 ns(2), Instance /tb_framebuffer/fb/sram_control/ : Warning: NUMERIC_STD."=": metavalue detected, returning FALSE
at 10 ns(1), Instance /tb_framebuffer/fb/sram_control/ : Warning: NUMERIC_STD."=": metavalue detected, returning FALSE
at 90 ns(1), Instance /tb_framebuffer/fb/sram_control/ : Warning: NUMERIC_STD."=": metavalue detected, returning FALSE
Press button 0 - issue reset
Testbench will simulate a full VGA frame at image 0
ISim P.20131013 (signature 0x7708f090)
----------------------------------------------------------------------
INFO:Security:51 - The XILINXD_LICENSE_FILE environment variable is not set.
INFO:Security:52 - The LM_LICENSE_FILE environment variable is set to '1717@modelsimlic1.ee.byu.edu;2100@xilinxlic1.ee.byu.edu;5280@cadencelic1.ee.byu.edu'.
WARNING:Security:43 - No license file was found in the standard Xilinx license directory.
WARNING:Security:44 - Since no license file was found,
       please run the Xilinx License Configuration Manager
       (xlcm or "Manage Xilinx Licenses")
       to assist in obtaining a license.
WARNING:Security:42 - Your software subscription period has lapsed. Your current version of Xilinx tools will continue to function, but you no longer qualify for Xilinx software updates or new releases.


----------------------------------------------------------------------
This is a Full version of ISim.
# run 1000 ns
Simulator is doing circuit initialization process.
*****  Notice! *****
** This memory model has been modified for the ECEN 320 frame buffer laboratory. 
** The memory model does not behave as described in the device data sheet. 
** The memory model will not simulate writes and will provide the following data on a read:
**  - the model will output 'X' values when invalid image locations are read
**  - For a valid image location, a memory read will return:
**    data[15:12] - addr[21:18]
**    data[11:8] - addr[2:0] & '1'
**    data[7:4] - addr[12:9]
**    data[3:0] - addr[2:0] & '0'
at 0 ps, Instance /tb_framebuffer/fb/sram_control/ : Warning: NUMERIC_STD."=": metavalue detected, returning FALSE
Finished circuit initialization process.
at 0 ps, Instance /tb_framebuffer/fb/sram_control/ : Warning: NUMERIC_STD."=": metavalue detected, returning FALSE
at 7 ns(2), Instance /tb_framebuffer/fb/sram_control/ : Warning: NUMERIC_STD."=": metavalue detected, returning FALSE
at 10 ns(1), Instance /tb_framebuffer/fb/sram_control/ : Warning: NUMERIC_STD."=": metavalue detected, returning FALSE
at 90 ns(1), Instance /tb_framebuffer/fb/sram_control/ : Warning: NUMERIC_STD."=": metavalue detected, returning FALSE
Press button 0 - issue reset
Testbench will simulate a full VGA frame at image 0
# restart
# run 1 ms
Simulator is doing circuit initialization process.
*****  Notice! *****
** This memory model has been modified for the ECEN 320 frame buffer laboratory. 
** The memory model does not behave as described in the device data sheet. 
** The memory model will not simulate writes and will provide the following data on a read:
**  - the model will output 'X' values when invalid image locations are read
**  - For a valid image location, a memory read will return:
**    data[15:12] - addr[21:18]
**    data[11:8] - addr[2:0] & '1'
**    data[7:4] - addr[12:9]
**    data[3:0] - addr[2:0] & '0'
at 0 ps, Instance /tb_framebuffer/fb/sram_control/ : Warning: NUMERIC_STD."=": metavalue detected, returning FALSE
Finished circuit initialization process.
at 0 ps, Instance /tb_framebuffer/fb/sram_control/ : Warning: NUMERIC_STD."=": metavalue detected, returning FALSE
at 7 ns(2), Instance /tb_framebuffer/fb/sram_control/ : Warning: NUMERIC_STD."=": metavalue detected, returning FALSE
at 10 ns(1), Instance /tb_framebuffer/fb/sram_control/ : Warning: NUMERIC_STD."=": metavalue detected, returning FALSE
at 90 ns(1), Instance /tb_framebuffer/fb/sram_control/ : Warning: NUMERIC_STD."=": metavalue detected, returning FALSE
Press button 0 - issue reset
Testbench will simulate a full VGA frame at image 0
# run 17 ms
Testbench will simulate a full VGA frame at image 1 15830210 ns
