Running: C:\Xilinx\14.7\ISE_DS\ISE\bin\nt64\unwrapped\fuse.exe -intstyle ise -incremental -lib unisims_ver -lib unimacro_ver -lib xilinxcorelib_ver -o J:/Courses/ECEN_320/Lab 9/lab9/tb_sramController_isim_beh.exe -prj J:/Courses/ECEN_320/Lab 9/lab9/tb_sramController_beh.prj work.tb_sramController work.glbl 
ISim P.20131013 (signature 0x7708f090)
Number of CPUs detected in this system: 4
Turning on mult-threading, number of parallel sub-compilation jobs: 8 
Determining compilation order of HDL files
Analyzing Verilog file "J:/Courses/ECEN_320/Lab 9/lab9/cellram.v" into library work
Analyzing Verilog file "C:/Xilinx/14.7/ISE_DS/ISE//verilog/src/glbl.v" into library work
Parsing VHDL file "J:/Courses/ECEN_320/Lab 9/lab9/sramController.vhd" into library work
Parsing VHDL file "J:/Courses/ECEN_320/Lab 9/lab9/tb_sramController.vhd" into library work
Starting static elaboration
Completed static elaboration
Compiling module glbl
Compiling module cellram_pathdelay
Compiling module cellram(7.0,20.0,70.0,70.0,5.0,7...
Compiling package standard
Compiling package std_logic_1164
Compiling package textio
Compiling package vl_types
Compiling package numeric_std
Compiling architecture behavioral of entity sramController [\sramController(50000000,150)\]
Compiling architecture tb of entity tb_sramcontroller
Time Resolution for simulation is 1ps.
Waiting for 1 sub-compilation(s) to finish...
Compiled 8 VHDL Units
Compiled 3 Verilog Units
Built simulation executable J:/Courses/ECEN_320/Lab 9/lab9/tb_sramController_isim_beh.exe
Fuse Memory Usage: 40168 KB
Fuse CPU Usage: 1076 ms
