ISim log file
Running: J:\Courses\ECEN_320\Lab 9\lab9\tb_sramController_isim_beh.exe -intstyle ise -gui -tclbatch isim.cmd -wdb J:/Courses/ECEN_320/Lab 9/lab9/tb_sramController_isim_beh.wdb 
ISim P.20131013 (signature 0x7708f090)
----------------------------------------------------------------------
INFO:Security:51 - The XILINXD_LICENSE_FILE environment variable is not set.
INFO:Security:52 - The LM_LICENSE_FILE environment variable is set to '1717@modelsimlic1.ee.byu.edu;2100@xilinxlic1.ee.byu.edu;5280@cadencelic1.ee.byu.edu'.
WARNING:Security:43 - No license file was found in the standard Xilinx license directory.
WARNING:Security:44 - Since no license file was found,
       please run the Xilinx License Configuration Manager
       (xlcm or "Manage Xilinx Licenses")
       to assist in obtaining a license.
WARNING:Security:42 - Your software subscription period has lapsed. Your current version of Xilinx tools will continue to function, but you no longer qualify for Xilinx software updates or new releases.


----------------------------------------------------------------------
This is a Full version of ISim.
Time resolution is 1 ps
# onerror resume
# wave add /
# run 1000 ns
Simulator is doing circuit initialization process.
at 0 ps, Instance /tb_sramcontroller/sramCtl/ : Warning: NUMERIC_STD."=": metavalue detected, returning FALSE
Finished circuit initialization process.
at 0 ps, Instance /tb_sramcontroller/sramCtl/ : Warning: NUMERIC_STD."=": metavalue detected, returning FALSE
at 7 ns(2), Instance /tb_sramcontroller/sramCtl/ : Warning: NUMERIC_STD."=": metavalue detected, returning FALSE
at 10 ns(1), Instance /tb_sramcontroller/sramCtl/ : Warning: NUMERIC_STD."=": metavalue detected, returning FALSE
# restart
# run 155us
Simulator is doing circuit initialization process.
at 0 ps, Instance /tb_sramcontroller/sramCtl/ : Warning: NUMERIC_STD."=": metavalue detected, returning FALSE
Finished circuit initialization process.
at 0 ps, Instance /tb_sramcontroller/sramCtl/ : Warning: NUMERIC_STD."=": metavalue detected, returning FALSE
at 7 ns(2), Instance /tb_sramcontroller/sramCtl/ : Warning: NUMERIC_STD."=": metavalue detected, returning FALSE
at 10 ns(1), Instance /tb_sramcontroller/sramCtl/ : Warning: NUMERIC_STD."=": metavalue detected, returning FALSE
===============================================================
150270.000 ns  INFO: Async - Write
150290.000 ns ERROR:   tWP violation on WE# by 25.000 ns
150290.000 ns  INFO: Async - Write data latched, addr = 000000, Mask = 0, Data = 0000
150510.000 ns  INFO: Async - Read, addr = 000000, Data = 0000
150930.000 ns  INFO: Async - Write
150950.000 ns ERROR:   tWP violation on WE# by 25.000 ns
150950.000 ns  INFO: Async - Write data latched, addr = 0000ff, Mask = 0, Data = f0f0
151170.000 ns  INFO: Async - Read, addr = 0000ff, Data = f0f0
151590.000 ns  INFO: Async - Write
151610.000 ns ERROR:   tWP violation on WE# by 25.000 ns
151610.000 ns  INFO: Async - Write data latched, addr = 00004c, Mask = 0, Data = 0f0f
151830.000 ns  INFO: Async - Read, addr = 00004c, Data = 0f0f
152250.000 ns  INFO: Async - Write
152270.000 ns ERROR:   tWP violation on WE# by 25.000 ns
152270.000 ns  INFO: Async - Write data latched, addr = 001234, Mask = 0, Data = ffff
152490.000 ns  INFO: Async - Read, addr = 001234, Data = ffff
152890.000 ns  INFO: Async - Read, addr = 000000, Data = 0000
152990.000 ns  INFO: Async - Read, addr = 0000ff, Data = f0f0
153090.000 ns  INFO: Async - Read, addr = 00004c, Data = 0f0f
153190.000 ns  INFO: Async - Read, addr = 001234, Data = ffff
All memory tests PASSED!
DONE!
# restart
# run 155us
Simulator is doing circuit initialization process.
at 0 ps, Instance /tb_sramcontroller/sramCtl/ : Warning: NUMERIC_STD."=": metavalue detected, returning FALSE
Finished circuit initialization process.
at 0 ps, Instance /tb_sramcontroller/sramCtl/ : Warning: NUMERIC_STD."=": metavalue detected, returning FALSE
at 7 ns(2), Instance /tb_sramcontroller/sramCtl/ : Warning: NUMERIC_STD."=": metavalue detected, returning FALSE
at 10 ns(1), Instance /tb_sramcontroller/sramCtl/ : Warning: NUMERIC_STD."=": metavalue detected, returning FALSE
===============================================================
150270.000 ns  INFO: Async - Write
150290.000 ns ERROR:   tWP violation on WE# by 25.000 ns
150290.000 ns  INFO: Async - Write data latched, addr = 000000, Mask = 0, Data = 0000
150510.000 ns  INFO: Async - Read, addr = 000000, Data = 0000
150930.000 ns  INFO: Async - Write
150950.000 ns ERROR:   tWP violation on WE# by 25.000 ns
150950.000 ns  INFO: Async - Write data latched, addr = 0000ff, Mask = 0, Data = f0f0
151170.000 ns  INFO: Async - Read, addr = 0000ff, Data = f0f0
151590.000 ns  INFO: Async - Write
151610.000 ns ERROR:   tWP violation on WE# by 25.000 ns
151610.000 ns  INFO: Async - Write data latched, addr = 00004c, Mask = 0, Data = 0f0f
151830.000 ns  INFO: Async - Read, addr = 00004c, Data = 0f0f
152250.000 ns  INFO: Async - Write
152270.000 ns ERROR:   tWP violation on WE# by 25.000 ns
152270.000 ns  INFO: Async - Write data latched, addr = 001234, Mask = 0, Data = ffff
152490.000 ns  INFO: Async - Read, addr = 001234, Data = ffff
152890.000 ns  INFO: Async - Read, addr = 000000, Data = 0000
152990.000 ns  INFO: Async - Read, addr = 0000ff, Data = f0f0
153090.000 ns  INFO: Async - Read, addr = 00004c, Data = 0f0f
153190.000 ns  INFO: Async - Read, addr = 001234, Data = ffff
All memory tests PASSED!
DONE!
