ISim log file
Running: J:\Courses\ECEN 220\Labs\Lab7\Register4Word_isim_beh.exe -intstyle ise -gui -tclbatch J:/Courses/ECEN 220/Labs/Lab7/Register4Word.tcl -wdb J:/Courses/ECEN 220/Labs/Lab7/Register4Word_isim_beh.wdb 
ISim P.68d (signature 0x8ef4fb42)
This is a Full version of ISim.
Time resolution is 1 ps
# wave add / -radix hex
# isim force add Clk 0 -time 0 -value 1 -time 10ns -repeat 20ns
# isim force add Clr 1
# isim force add Din 1111
# isim force add Write 0
# isim force add Addr0 0
# isim force add Addr1 0
# run 33ns
Simulator is doing circuit initialization process.
Finished circuit initialization process.
# isim force add Clr 0
# run 40ns
# isim force add Write 1
# isim force add Addr0 0 -time 0 -value 1 -time 40ns -repeat 80ns
# isim force add Addr1 0 -time 0 -value 1 -time 80ns -repeat 160ns
# run 320ns
