ISim log file
Running: J:\Courses\ECEN_320\HW\hw1\thousand_counter_isim_beh.exe -intstyle ise -gui -tclbatch isim.cmd -wdb J:/Courses/ECEN_320/HW/hw1/thousand_counter_isim_beh.wdb 
ISim P.20131013 (signature 0x8ef4fb42)
----------------------------------------------------------------------
INFO:Security:50 - The XILINXD_LICENSE_FILE environment variable is set to '2100@xilinxlic1.ee.byu.edu'.
INFO:Security:52 - The LM_LICENSE_FILE environment variable is set to '1717@modelsimlic1.ee.byu.edu'.
WARNING:Security:43 - No license file was found in the standard Xilinx license directory.
WARNING:Security:44 - Since no license file was found,
       please run the Xilinx License Configuration Manager
       (xlcm or "Manage Xilinx Licenses")
       to assist in obtaining a license.
WARNING:Security:42 - Your license support version '2015.01' for ISIM expires in 4 days after which you will not qualify for Xilinx software updates or new releases.


----------------------------------------------------------------------
This is a Full version of ISim.
Time resolution is 1 ps
# onerror resume
# wave add /
# run 1000 ns
Simulator is doing circuit initialization process.
at 0 ps, Instance /thousand_counter/one_digit/ : Warning: NUMERIC_STD."=": metavalue detected, returning FALSE
at 0 ps, Instance /thousand_counter/ten_digit/ : Warning: NUMERIC_STD."=": metavalue detected, returning FALSE
at 0 ps, Instance /thousand_counter/hundred_digit/ : Warning: NUMERIC_STD."=": metavalue detected, returning FALSE
Finished circuit initialization process.
# put clk 0 10 ns 1
Incorrect usage of command 'put'
Usage: put <hdl_object_name> <value> [-radix <type>]
for detailed help use 'help put'
# put clk 0 -t 10ns 1 -t 20ns repeat 20ns
Incorrect usage of command 'put'
Usage: put <hdl_object_name> <value> [-radix <type>]
for detailed help use 'help put'
