
**** Build of configuration Debug for project hello_world_0 ****

make all 
Building file: ../src/gamePlay.c
Invoking: MicroBlaze gcc compiler
mb-gcc -Wall -O0 -g3 -c -fmessage-length=0 -I../../hello_world_bsp_0/microblaze_0/include -mlittle-endian -mxl-barrel-shift -mxl-pattern-compare -mcpu=v8.20.b -mno-xl-soft-mul -MMD -MP -MF"src/gamePlay.d" -MT"src/gamePlay.d" -o"src/gamePlay.o" "../src/gamePlay.c"
../src/gamePlay.c:8:66: error: xgpio.h: No such file or directory
../src/gamePlay.c:21: error: expected '=', ',', ';', 'asm' or '__attribute__' before 'gpLED'
../src/gamePlay.c:22: error: expected '=', ',', ';', 'asm' or '__attribute__' before 'gpPB'
../src/gamePlay.c: In function 'inc_clock':
../src/gamePlay.c:90: warning: implicit declaration of function 'render'
../src/gamePlay.c:90: error: 'true' undeclared (first use in this function)
../src/gamePlay.c:90: error: (Each undeclared identifier is reported only once
../src/gamePlay.c:90: error: for each function it appears in.)
../src/gamePlay.c:92: warning: implicit declaration of function 'setTankPosition'
../src/gamePlay.c:92: error: 'PIXEL_ADJUSTMENT' undeclared (first use in this function)
../src/gamePlay.c:94: error: 'false' undeclared (first use in this function)
../src/gamePlay.c:106: warning: implicit declaration of function 'fireTankBullet'
../src/gamePlay.c:107: error: 'tank_bullet_render_mask' undeclared (first use in this function)
../src/gamePlay.c: In function 'pb_interrupt_handler':
../src/gamePlay.c:150: warning: implicit declaration of function 'XGpio_InterruptGlobalDisable'
../src/gamePlay.c:150: error: 'gpPB' undeclared (first use in this function)
../src/gamePlay.c:151: warning: implicit declaration of function 'XGpio_DiscreteRead'
../src/gamePlay.c:156: warning: implicit declaration of function 'XGpio_InterruptClear'
../src/gamePlay.c:157: warning: implicit declaration of function 'XGpio_InterruptGlobalEnable'
../src/gamePlay.c: In function 'interrupt_handler_dispatcher':
../src/gamePlay.c:167: error: 'XPAR_FIT_TIMER_0_INTERRUPT_MASK' undeclared (first use in this function)
../src/gamePlay.c:172: error: 'XPAR_PUSH_BUTTONS_5BITS_IP2INTC_IRPT_MASK' undeclared (first use in this function)
../src/gamePlay.c: In function 'main':
../src/gamePlay.c:182: warning: implicit declaration of function 'XGpio_Initialize'
../src/gamePlay.c:182: error: 'gpPB' undeclared (first use in this function)
../src/gamePlay.c:182: error: 'XPAR_PUSH_BUTTONS_5BITS_DEVICE_ID' undeclared (first use in this function)
../src/gamePlay.c:184: warning: implicit declaration of function 'XGpio_SetDataDirection'
../src/gamePlay.c:188: warning: implicit declaration of function 'XGpio_InterruptEnable'
../src/gamePlay.c:191: error: 'XPAR_FIT_TIMER_0_INTERRUPT_MASK' undeclared (first use in this function)
../src/gamePlay.c:191: error: 'XPAR_PUSH_BUTTONS_5BITS_IP2INTC_IRPT_MASK' undeclared (first use in this function)
make: *** [src/gamePlay.o] Error 1
