#:C29    
#Xilinx FPGA Editor Command Log File
#Editor Version:
#:V   NT M2.1 P.20131013
#Current Working Directory:
#:D   J:\Courses\ECEN_320\Lab 6\lab_6
#Date/Time:
#:T   Wed Feb 18 13:49:48 2015
#------------------------------
	#Reading vga_object.ncd...
	#Loading device for application Rf_Device from file '3s500e.nph' in environment C:\Xilinx\14.7\ISE_DS\ISE\.
	#   "vga_object" is an NCD, version 3.2, device xc3s500e, package fg320, speed -4
	#Design creation date: 2015.02.18.20.22.39
	#Building chip graphics...
	#Loading speed info...
	#1
setattr main edit-mode no-logic-changes
	#2
unselect -all
	#3
unselect -all
	#4
select site 'SLICE_X39Y70'
	#site "SLICE_X39Y70",  type = SLICEL  (RPM grid X83Y72)
	#5
unselect -all
	#6
unselect -all
	#7
unselect -all
	#8
select comp 'ILA_inst/U0/I_NO_D.U_ILA/U_STAT/DSTAT_load'
	#comp "ILA_inst/U0/I_NO_D.U_ILA/U_STAT/DSTAT_load",  site "SLICE_X27Y70",  type = SLICEL  (RPM grid X59Y72)
	#9
unselect -all
	#10
unselect -all
	#11
unselect -all
	#12
select site 'SLICE_X37Y56'
	#site "SLICE_X37Y56",  type = SLICEL  (RPM grid X79Y58)
	#13
unselect site 'SLICE_X37Y56'
	#14
select -k comp 'an<0>'
	#15
unselect comp 'an<0>'
	#16
select -k comp 'an<1>'
	#17
unselect comp 'an<1>'
	#18
select -k comp 'an<2>'
	#19
unselect comp 'an<2>'
	#20
select -k comp 'an<3>'
	#21
unselect comp 'an<3>'
	#22
select -k comp 'an_1_OBUF'
	#23
unselect comp 'an_1_OBUF'
	#24
select -k comp 'an_3_OBUF'
	#25
unselect comp 'an_3_OBUF'
	#26
select -k comp 'blue_disp<0>12'
	#27
unselect comp 'blue_disp<0>12'
	#28
select -k comp 'blue_disp<0>133'
	#29
unselect comp 'blue_disp<0>133'
	#30
select -k comp 'blue_disp<0>149'
	#31
unselect comp 'blue_disp<0>149'
	#32
select -k comp 'blue_disp<0>195'
	#33
unselect comp 'blue_disp<0>195'
	#34
select -k comp 'custom_magenta_on_sub0000<8>'
	#35
unselect comp 'custom_magenta_on_sub0000<8>'
	#36
select -k comp 'custom_yellow_on_addsub0000<0>'
	#37
unselect comp 'custom_yellow_on_addsub0000<0>'
	#38
select -k comp 'ILA_inst/U0/I_NO_D.U_ILA/iCAPTURE'
